27/02/2024 12:43:43 - INFO - activitysim - Read logging configuration from: configs\logging.yaml
27/02/2024 12:43:43 - INFO - activitysim.cli.run - SETTING configs_dir: configs
27/02/2024 12:43:43 - INFO - activitysim.cli.run - SETTING settings_file_name: settings.yaml
27/02/2024 12:43:43 - INFO - activitysim.cli.run - SETTING data_dir: data
27/02/2024 12:43:43 - INFO - activitysim.cli.run - SETTING output_dir: output
27/02/2024 12:43:43 - INFO - activitysim.cli.run - SETTING multiprocess: None
27/02/2024 12:43:43 - INFO - activitysim.cli.run - SETTING num_processes: None
27/02/2024 12:43:43 - INFO - activitysim.cli.run - SETTING resume_after: None
27/02/2024 12:43:43 - INFO - activitysim.cli.run - SETTING GROUP_BY_INCIDENCE_SIGNATURE: True
27/02/2024 12:43:43 - INFO - activitysim.cli.run - SETTING INTEGERIZE_WITH_BACKSTOPPED_CONTROLS: True
27/02/2024 12:43:43 - INFO - activitysim.cli.run - SETTING SUB_BALANCE_WITH_FLOAT_SEED_WEIGHTS: False
27/02/2024 12:43:43 - INFO - activitysim.cli.run - SETTING meta_control_data: None
27/02/2024 12:43:43 - INFO - activitysim.cli.run - SETTING control_file_name: GQ_controls.csv
27/02/2024 12:43:43 - INFO - activitysim.cli.run - SETTING USE_CVXPY: False
27/02/2024 12:43:43 - INFO - activitysim.cli.run - SETTING USE_SIMUL_INTEGERIZER: True
27/02/2024 12:43:43 - INFO - activitysim.cli.run - ENV MKL_NUM_THREADS: None
27/02/2024 12:43:43 - INFO - activitysim.cli.run - ENV OMP_NUM_THREADS: None
27/02/2024 12:43:43 - INFO - activitysim.cli.run - ENV OPENBLAS_NUM_THREADS: None
27/02/2024 12:43:43 - INFO - activitysim.cli.run - NUMPY blas_info libraries: ['cblas', 'blas', 'cblas', 'blas', 'cblas', 'blas']
27/02/2024 12:43:43 - INFO - activitysim.cli.run - NUMPY blas_opt_info libraries: ['cblas', 'blas', 'cblas', 'blas', 'cblas', 'blas']
27/02/2024 12:43:43 - INFO - activitysim.cli.run - NUMPY lapack_info libraries: ['lapack', 'blas', 'lapack', 'blas']
27/02/2024 12:43:43 - INFO - activitysim.cli.run - NUMPY lapack_opt_info libraries: ['lapack', 'blas', 'lapack', 'blas', 'cblas', 'blas', 'cblas', 'blas', 'cblas', 'blas']
27/02/2024 12:43:43 - INFO - activitysim.cli.run - run single process simulation
27/02/2024 12:43:43 - DEBUG - activitysim.core.random - Set random seed base to 0
27/02/2024 12:43:43 - DEBUG - activitysim.core.pipeline - open_pipeline - new, empty pipeline
27/02/2024 12:43:43 - DEBUG - activitysim.core.pipeline - opened pipeline_store output\pipeline.h5
27/02/2024 12:43:43 - DEBUG - activitysim.core.pipeline - add_checkpoint init timestamp 2024-02-27 12:43:43.983370
27/02/2024 12:43:43 - DEBUG - activitysim.core.pipeline - open_pipeline complete
27/02/2024 12:43:43 - INFO - activitysim.core.tracing - Time to execute open_pipeline : 0.007 seconds (0.0 minutes)
27/02/2024 12:43:44 - INFO - activitysim.core.tracing - Time to execute preload_injectables : 0.03 seconds (0.0 minutes)
27/02/2024 12:43:44 - INFO - activitysim.core.pipeline - #run_model running step input_pre_processor
27/02/2024 12:43:44 - INFO - populationsim.steps.input_pre_processor - Using table list: [{'tablename': 'households', 'filename': 'GQ_seed_households.csv', 'index_col': 'hh_id', 'column_map': {'hhnum': 'hh_id'}}, {'tablename': 'persons', 'filename': 'GQ_seed_persons.csv', 'column_map': {'hhnum': 'hh_id', 'SPORDER': 'per_num'}, 'drop_columns': None}, {'tablename': 'geo_cross_walk', 'filename': 'geo_cross_walk.csv'}, {'tablename': 'BLOCK_control_data', 'filename': 'DecennialBlockData_GQ.csv'}]
27/02/2024 12:43:44 - INFO - activitysim.core.input - Reading CSV file data\GQ_seed_households.csv
27/02/2024 12:43:44 - DEBUG - activitysim.core.input - raw households table size: (2633, 248) 5.2 MB
27/02/2024 12:43:44 - DEBUG - activitysim.core.input - renaming columns: {'hhnum': 'hh_id'}
27/02/2024 12:43:44 - DEBUG - activitysim.core.input - households table columns: ['RT' 'SERIALNO' 'DIVISION' 'PUMA' 'PUMA20' 'REGION' 'ST' 'ADJHSG'
 'ADJINC' 'WGTP' 'NP' 'TYPE' 'ACCESSINET' 'ACR' 'AGS' 'BATH' 'BDSP' 'BLD'
 'BROADBND' 'COMPOTHX' 'CONP' 'DIALUP' 'ELEFP' 'ELEP' 'FS' 'FULFP' 'FULP'
 'GASFP' 'GASP' 'HFL' 'HISPEED' 'HOTWAT' 'INSP' 'LAPTOP' 'MHP' 'MRGI'
 'MRGP' 'MRGT' 'MRGX' 'OTHSVCEX' 'REFR' 'RMSP' 'RNTM' 'RNTP' 'RWAT'
 'RWATPR' 'SATELLITE' 'SINK' 'SMARTPHONE' 'SMP' 'STOV' 'TABLET' 'TEL'
 'TEN' 'VACS' 'VALP' 'VEH' 'WATFP' 'WATP' 'YRBLT' 'CPLT' 'FINCP' 'FPARC'
 'GRNTP' 'GRPIP' 'HHL' 'HHLANP' 'HHLDRAGEP' 'HHLDRHISP' 'HHLDRRAC1P' 'HHT'
 'HHT2' 'HINCP' 'HUGCL' 'HUPAC' 'HUPAOC' 'HUPARC' 'KIT' 'LNGI' 'MULTG'
 'MV' 'NOC' 'NPF' 'NPP' 'NR' 'NRC' 'OCPIP' 'PARTNER' 'PLM' 'PLMPRP' 'PSF'
 'R18' 'R60' 'R65' 'RESMODE' 'SMOCP' 'SMX' 'SRNT' 'SVAL' 'TAXAMT' 'WIF'
 'WKEXREL' 'WORKSTAT' 'FACCESSP' 'FACRP' 'FAGSP' 'FBATHP' 'FBDSP' 'FBLDP'
 'FBROADBNDP' 'FCOMPOTHXP' 'FCONP' 'FDIALUPP' 'FELEP' 'FFINCP' 'FFSP'
 'FFULP' 'FGASP' 'FGRNTP' 'FHFLP' 'FHINCP' 'FHISPEEDP' 'FHOTWATP' 'FINSP'
 'FKITP' 'FLAPTOPP' 'FMHP' 'FMRGIP' 'FMRGP' 'FMRGTP' 'FMRGXP' 'FMVP'
 'FOTHSVCEXP' 'FPLMP' 'FPLMPRP' 'FREFRP' 'FRMSP' 'FRNTMP' 'FRNTP' 'FRWATP'
 'FRWATPRP' 'FSATELLITEP' 'FSINKP' 'FSMARTPHONP' 'FSMOCP' 'FSMP' 'FSMXHP'
 'FSMXSP' 'FSTOVP' 'FTABLETP' 'FTAXP' 'FTELP' 'FTENP' 'FVACSP' 'FVALP'
 'FVEHP' 'FWATP' 'FYRBLTP' 'WGTP1' 'WGTP2' 'WGTP3' 'WGTP4' 'WGTP5' 'WGTP6'
 'WGTP7' 'WGTP8' 'WGTP9' 'WGTP10' 'WGTP11' 'WGTP12' 'WGTP13' 'WGTP14'
 'WGTP15' 'WGTP16' 'WGTP17' 'WGTP18' 'WGTP19' 'WGTP20' 'WGTP21' 'WGTP22'
 'WGTP23' 'WGTP24' 'WGTP25' 'WGTP26' 'WGTP27' 'WGTP28' 'WGTP29' 'WGTP30'
 'WGTP31' 'WGTP32' 'WGTP33' 'WGTP34' 'WGTP35' 'WGTP36' 'WGTP37' 'WGTP38'
 'WGTP39' 'WGTP40' 'WGTP41' 'WGTP42' 'WGTP43' 'WGTP44' 'WGTP45' 'WGTP46'
 'WGTP47' 'WGTP48' 'WGTP49' 'WGTP50' 'WGTP51' 'WGTP52' 'WGTP53' 'WGTP54'
 'WGTP55' 'WGTP56' 'WGTP57' 'WGTP58' 'WGTP59' 'WGTP60' 'WGTP61' 'WGTP62'
 'WGTP63' 'WGTP64' 'WGTP65' 'WGTP66' 'WGTP67' 'WGTP68' 'WGTP69' 'WGTP70'
 'WGTP71' 'WGTP72' 'WGTP73' 'WGTP74' 'WGTP75' 'WGTP76' 'WGTP77' 'WGTP78'
 'WGTP79' 'WGTP80' 'GQWGTP' 'HHINCADJ' 'HTYPE' 'hhchild' 'NWESR' 'GQTYPE'
 'MIL' 'SCHG' 'GQFLAG']
27/02/2024 12:43:44 - DEBUG - activitysim.core.input - households table size: (2633, 247) 5.2 MB
27/02/2024 12:43:44 - DEBUG - activitysim.core.input - households index name: hh_id
27/02/2024 12:43:44 - INFO - populationsim.steps.input_pre_processor - registering table households
27/02/2024 12:43:44 - INFO - activitysim.core.input - Reading CSV file data\GQ_seed_persons.csv
27/02/2024 12:43:44 - DEBUG - activitysim.core.input - raw persons table size: (2633, 296) 6.2 MB
27/02/2024 12:43:44 - DEBUG - activitysim.core.input - renaming columns: {'hhnum': 'hh_id', 'SPORDER': 'per_num'}
27/02/2024 12:43:44 - DEBUG - activitysim.core.input - persons table columns: ['RT' 'SERIALNO' 'DIVISION' 'per_num' 'PUMA' 'PUMA20' 'REGION' 'ST'
 'ADJINC' 'PWGTP' 'AGEP' 'CIT' 'CITWP' 'COW' 'DDRS' 'DEAR' 'DEYE' 'DOUT'
 'DPHY' 'DRAT' 'DRATX' 'DREM' 'ENG' 'FER' 'GCL' 'GCM' 'GCR' 'HINS1'
 'HINS2' 'HINS3' 'HINS4' 'HINS5' 'HINS6' 'HINS7' 'INTP' 'JWMNP' 'JWRIP'
 'JWTRNS' 'LANX' 'MAR' 'MARHD' 'MARHM' 'MARHT' 'MARHW' 'MARHYP' 'MIG'
 'MIL' 'MLPA' 'MLPB' 'MLPCD' 'MLPE' 'MLPFG' 'MLPH' 'MLPIK' 'MLPJ' 'NWAB'
 'NWAV' 'NWLA' 'NWLK' 'NWRE' 'OIP' 'PAP' 'RELSHIPP' 'RETP' 'SCH' 'SCHG'
 'SCHL' 'SEMP' 'SEX' 'SSIP' 'SSP' 'WAGP' 'WKHP' 'WKL' 'WKW' 'WKWN' 'WRK'
 'YOEP' 'ANC' 'ANC1P' 'ANC2P' 'DECADE' 'DIS' 'DRIVESP' 'ESP' 'ESR' 'FOD1P'
 'FOD2P' 'HICOV' 'HISP' 'INDP' 'JWAP' 'JWDP' 'LANP' 'MIGPUMA10'
 'MIGPUMA20' 'MIGSP' 'MSP' 'NAICSP' 'NATIVITY' 'NOP' 'OC' 'OCCP' 'PAOC'
 'PERNP' 'PINCP' 'POBP' 'POVPIP' 'POWPUMA10' 'POWPUMA20' 'POWSP' 'PRIVCOV'
 'PUBCOV' 'QTRBIR' 'RAC1P' 'RAC2P' 'RAC3P' 'RACAIAN' 'RACASN' 'RACBLK'
 'RACNH' 'RACNUM' 'RACPI' 'RACSOR' 'RACWHT' 'RC' 'SCIENGP' 'SCIENGRLP'
 'SFN' 'SFR' 'SOCP' 'VPS' 'WAOB' 'FAGEP' 'FANCP' 'FCITP' 'FCITWP' 'FCOWP'
 'FDDRSP' 'FDEARP' 'FDEYEP' 'FDISP' 'FDOUTP' 'FDPHYP' 'FDRATP' 'FDRATXP'
 'FDREMP' 'FENGP' 'FESRP' 'FFERP' 'FFODP' 'FGCLP' 'FGCMP' 'FGCRP'
 'FHICOVP' 'FHINS1P' 'FHINS2P' 'FHINS3C' 'FHINS3P' 'FHINS4C' 'FHINS4P'
 'FHINS5C' 'FHINS5P' 'FHINS6P' 'FHINS7P' 'FHISP' 'FINDP' 'FINTP' 'FJWDP'
 'FJWMNP' 'FJWRIP' 'FJWTRNSP' 'FLANP' 'FLANXP' 'FMARP' 'FMARHDP' 'FMARHMP'
 'FMARHTP' 'FMARHWP' 'FMARHYP' 'FMIGP' 'FMIGSP' 'FMILPP' 'FMILSP' 'FOCCP'
 'FOIP' 'FPAP' 'FPERNP' 'FPINCP' 'FPOBP' 'FPOWSP' 'FPRIVCOVP' 'FPUBCOVP'
 'FRACP' 'FRELSHIPP' 'FRETP' 'FSCHGP' 'FSCHLP' 'FSCHP' 'FSEMP' 'FSEXP'
 'FSSIP' 'FSSP' 'FWAGP' 'FWKHP' 'FWKLP' 'FWKWNP' 'FWKWP' 'FWRKP' 'FYOEP'
 'PWGTP1' 'PWGTP2' 'PWGTP3' 'PWGTP4' 'PWGTP5' 'PWGTP6' 'PWGTP7' 'PWGTP8'
 'PWGTP9' 'PWGTP10' 'PWGTP11' 'PWGTP12' 'PWGTP13' 'PWGTP14' 'PWGTP15'
 'PWGTP16' 'PWGTP17' 'PWGTP18' 'PWGTP19' 'PWGTP20' 'PWGTP21' 'PWGTP22'
 'PWGTP23' 'PWGTP24' 'PWGTP25' 'PWGTP26' 'PWGTP27' 'PWGTP28' 'PWGTP29'
 'PWGTP30' 'PWGTP31' 'PWGTP32' 'PWGTP33' 'PWGTP34' 'PWGTP35' 'PWGTP36'
 'PWGTP37' 'PWGTP38' 'PWGTP39' 'PWGTP40' 'PWGTP41' 'PWGTP42' 'PWGTP43'
 'PWGTP44' 'PWGTP45' 'PWGTP46' 'PWGTP47' 'PWGTP48' 'PWGTP49' 'PWGTP50'
 'PWGTP51' 'PWGTP52' 'PWGTP53' 'PWGTP54' 'PWGTP55' 'PWGTP56' 'PWGTP57'
 'PWGTP58' 'PWGTP59' 'PWGTP60' 'PWGTP61' 'PWGTP62' 'PWGTP63' 'PWGTP64'
 'PWGTP65' 'PWGTP66' 'PWGTP67' 'PWGTP68' 'PWGTP69' 'PWGTP70' 'PWGTP71'
 'PWGTP72' 'PWGTP73' 'PWGTP74' 'PWGTP75' 'PWGTP76' 'PWGTP77' 'PWGTP78'
 'PWGTP79' 'PWGTP80' 'GQTYPE' 'gqwgtp' 'GQFLAG' 'employed' 'soc' 'hh_id']
27/02/2024 12:43:44 - DEBUG - activitysim.core.input - persons table size: (2633, 296) 6.2 MB
27/02/2024 12:43:44 - DEBUG - activitysim.core.input - persons index name: None
27/02/2024 12:43:44 - INFO - populationsim.steps.input_pre_processor - registering table persons
27/02/2024 12:43:44 - INFO - activitysim.core.input - Reading CSV file data\geo_cross_walk.csv
27/02/2024 12:43:44 - DEBUG - activitysim.core.input - raw geo_cross_walk table size: (152, 4) 5.0 KB
27/02/2024 12:43:44 - DEBUG - activitysim.core.input - geo_cross_walk table columns: ['BLOCK' 'BG' 'PUMA' 'REGION']
27/02/2024 12:43:44 - DEBUG - activitysim.core.input - geo_cross_walk table size: (152, 4) 5.0 KB
27/02/2024 12:43:44 - DEBUG - activitysim.core.input - geo_cross_walk index name: None
27/02/2024 12:43:44 - INFO - populationsim.steps.input_pre_processor - registering table geo_cross_walk
27/02/2024 12:43:44 - INFO - activitysim.core.input - Reading CSV file data\DecennialBlockData_GQ.csv
27/02/2024 12:43:44 - DEBUG - activitysim.core.input - raw BLOCK_control_data table size: (152, 12) 14.7 KB
27/02/2024 12:43:44 - DEBUG - activitysim.core.input - BLOCK_control_data table columns: ['BLOCK' 'NAME' 'GQ_HH' 'GQ_Inst' 'GQ_Inst_Cor' 'GQ_Inst_Juv'
 'GQ_Inst_Nur' 'GQ_Inst_Oth' 'GQ_Non' 'GQ_Non_Uni' 'GQ_Non_Mil'
 'GQ_Non_Oth']
27/02/2024 12:43:44 - DEBUG - activitysim.core.input - BLOCK_control_data table size: (152, 12) 14.7 KB
27/02/2024 12:43:44 - DEBUG - activitysim.core.input - BLOCK_control_data index name: None
27/02/2024 12:43:44 - INFO - populationsim.steps.input_pre_processor - registering table BLOCK_control_data
27/02/2024 12:43:44 - DEBUG - activitysim.core.tracing - Time to execute #run_model completed step 'input_pre_processor' : 0.155 seconds (0.0 minutes)
27/02/2024 12:43:44 - DEBUG - activitysim.core.pipeline - add_checkpoint input_pre_processor timestamp 2024-02-27 12:43:44.245078
27/02/2024 12:43:44 - DEBUG - activitysim.core.pipeline - add_checkpoint 'input_pre_processor' table 'households' (2633, 247) 5.2 MB
27/02/2024 12:43:44 - DEBUG - activitysim.core.pipeline - add_checkpoint 'input_pre_processor' table 'persons' (2633, 296) 6.2 MB
27/02/2024 12:43:44 - DEBUG - activitysim.core.pipeline - add_checkpoint 'input_pre_processor' table 'geo_cross_walk' (152, 4) 5.0 KB
27/02/2024 12:43:44 - DEBUG - activitysim.core.pipeline - add_checkpoint 'input_pre_processor' table 'BLOCK_control_data' (152, 12) 14.7 KB
27/02/2024 12:43:44 - INFO - activitysim.core.pipeline - #run_model running step setup_data_structures
27/02/2024 12:43:44 - INFO - populationsim.steps.setup_data_structures - Reading control file configs\GQ_controls.csv
27/02/2024 12:43:44 - INFO - populationsim.steps.setup_data_structures - dropped 52 households not in seed zones
27/02/2024 12:43:44 - INFO - populationsim.steps.setup_data_structures - kept 2581 households in seed zones
27/02/2024 12:43:44 - DEBUG - activitysim.core.pipeline - rewrap table households inplace=False
27/02/2024 12:43:44 - DEBUG - activitysim.core.pipeline - rewrap table persons inplace=False
27/02/2024 12:43:44 - INFO - populationsim.steps.setup_data_structures - control target num_hh
27/02/2024 12:43:44 - DEBUG - populationsim.steps.setup_data_structures - control_row.seed_table households
27/02/2024 12:43:44 - DEBUG - populationsim.steps.setup_data_structures - control_row.expression households.GQFLAG == 1
27/02/2024 12:43:44 - INFO - populationsim.steps.setup_data_structures - grouped incidence table has 20 entries, ungrouped has 2581
27/02/2024 12:43:44 - DEBUG - activitysim.core.tracing - Time to execute #run_model completed step 'setup_data_structures' : 0.06 seconds (0.0 minutes)
27/02/2024 12:43:44 - DEBUG - activitysim.core.pipeline - add_checkpoint setup_data_structures timestamp 2024-02-27 12:43:44.463278
27/02/2024 12:43:44 - DEBUG - activitysim.core.pipeline - add_checkpoint 'setup_data_structures' table 'crosswalk' (152, 3) 3.8 KB
27/02/2024 12:43:44 - DEBUG - activitysim.core.pipeline - add_checkpoint 'setup_data_structures' table 'control_spec' (1, 6) 176 B
27/02/2024 12:43:44 - DEBUG - activitysim.core.pipeline - add_checkpoint 'setup_data_structures' table 'REGION_controls' (20, 1) 320 B
27/02/2024 12:43:44 - DEBUG - activitysim.core.pipeline - add_checkpoint 'setup_data_structures' table 'PUMA_controls' (20, 1) 320 B
27/02/2024 12:43:44 - DEBUG - activitysim.core.pipeline - add_checkpoint 'setup_data_structures' table 'BLOCK_controls' (152, 1) 2.4 KB
27/02/2024 12:43:44 - DEBUG - activitysim.core.pipeline - add_checkpoint 'setup_data_structures' table 'households' (2581, 247) 5.1 MB
27/02/2024 12:43:44 - DEBUG - activitysim.core.pipeline - add_checkpoint 'setup_data_structures' table 'persons' (2633, 296) 6.2 MB
27/02/2024 12:43:44 - DEBUG - activitysim.core.pipeline - add_checkpoint 'setup_data_structures' table 'household_groups' (2581, 3) 61.9 KB
27/02/2024 12:43:44 - DEBUG - activitysim.core.pipeline - add_checkpoint 'setup_data_structures' table 'incidence_table' (20, 6) 1.0 KB
27/02/2024 12:43:44 - INFO - activitysim.core.pipeline - #run_model running step initial_seed_balancing
27/02/2024 12:43:44 - INFO - populationsim.steps.initial_seed_balancing - initial_seed_balancing seed id 703
27/02/2024 12:43:44 - INFO - populationsim.steps.initial_seed_balancing - seed_balancer status: {'converged': True, 'iter': 2, 'delta': 0.0, 'max_gamma_dif': 0.0}
27/02/2024 12:43:44 - INFO - populationsim.steps.initial_seed_balancing - Total balanced weights for seed 703 = 5239.999946565865
27/02/2024 12:43:44 - INFO - populationsim.steps.initial_seed_balancing - initial_seed_balancing seed id 800
27/02/2024 12:43:44 - INFO - populationsim.steps.initial_seed_balancing - seed_balancer status: {'converged': True, 'iter': 2, 'delta': 0.0, 'max_gamma_dif': 0.0}
27/02/2024 12:43:44 - INFO - populationsim.steps.initial_seed_balancing - Total balanced weights for seed 800 = 171.00000019883942
27/02/2024 12:43:44 - INFO - populationsim.steps.initial_seed_balancing - initial_seed_balancing seed id 400
27/02/2024 12:43:44 - INFO - populationsim.steps.initial_seed_balancing - seed_balancer status: {'converged': True, 'iter': 2, 'delta': 0.0, 'max_gamma_dif': 0.0}
27/02/2024 12:43:44 - INFO - populationsim.steps.initial_seed_balancing - Total balanced weights for seed 400 = 124.99998296777993
27/02/2024 12:43:44 - INFO - populationsim.steps.initial_seed_balancing - initial_seed_balancing seed id 500
27/02/2024 12:43:44 - INFO - populationsim.steps.initial_seed_balancing - seed_balancer status: {'converged': True, 'iter': 2, 'delta': 0.0, 'max_gamma_dif': 0.0}
27/02/2024 12:43:44 - INFO - populationsim.steps.initial_seed_balancing - Total balanced weights for seed 500 = 288.00000553280904
27/02/2024 12:43:44 - INFO - populationsim.steps.initial_seed_balancing - initial_seed_balancing seed id 600
27/02/2024 12:43:44 - INFO - populationsim.steps.initial_seed_balancing - seed_balancer status: {'converged': True, 'iter': 2, 'delta': 0.0, 'max_gamma_dif': 0.0}
27/02/2024 12:43:44 - INFO - populationsim.steps.initial_seed_balancing - Total balanced weights for seed 600 = 5453.0000204131065
27/02/2024 12:43:44 - INFO - populationsim.steps.initial_seed_balancing - initial_seed_balancing seed id 902
27/02/2024 12:43:44 - INFO - populationsim.steps.initial_seed_balancing - seed_balancer status: {'converged': True, 'iter': 2, 'delta': 0.0, 'max_gamma_dif': 0.0}
27/02/2024 12:43:44 - INFO - populationsim.steps.initial_seed_balancing - Total balanced weights for seed 902 = 1182.9999618635215
27/02/2024 12:43:44 - INFO - populationsim.steps.initial_seed_balancing - initial_seed_balancing seed id 200
27/02/2024 12:43:44 - INFO - populationsim.steps.initial_seed_balancing - seed_balancer status: {'converged': True, 'iter': 2, 'delta': 7.105427357601002e-15, 'max_gamma_dif': 2.220446049250313e-16}
27/02/2024 12:43:44 - INFO - populationsim.steps.initial_seed_balancing - Total balanced weights for seed 200 = 30.000003978571172
27/02/2024 12:43:44 - INFO - populationsim.steps.initial_seed_balancing - initial_seed_balancing seed id 300
27/02/2024 12:43:44 - INFO - populationsim.steps.initial_seed_balancing - seed_balancer status: {'converged': True, 'iter': 1, 'delta': 8.537881512893364e-11, 'max_gamma_dif': 1.461053500406706e-13}
27/02/2024 12:43:44 - INFO - populationsim.steps.initial_seed_balancing - Total balanced weights for seed 300 = 584.0000000999145
27/02/2024 12:43:44 - INFO - populationsim.steps.initial_seed_balancing - initial_seed_balancing seed id 1200
27/02/2024 12:43:44 - INFO - populationsim.steps.initial_seed_balancing - seed_balancer status: {'converged': True, 'iter': 2, 'delta': 0.0, 'max_gamma_dif': 0.0}
27/02/2024 12:43:44 - INFO - populationsim.steps.initial_seed_balancing - Total balanced weights for seed 1200 = 3346.000033106753
27/02/2024 12:43:44 - INFO - populationsim.steps.initial_seed_balancing - initial_seed_balancing seed id 1314
27/02/2024 12:43:44 - INFO - populationsim.steps.initial_seed_balancing - seed_balancer status: {'converged': True, 'iter': 2, 'delta': 0.0, 'max_gamma_dif': 0.0}
27/02/2024 12:43:44 - INFO - populationsim.steps.initial_seed_balancing - Total balanced weights for seed 1314 = 2018.0000927230906
27/02/2024 12:43:44 - INFO - populationsim.steps.initial_seed_balancing - initial_seed_balancing seed id 1103
27/02/2024 12:43:44 - INFO - populationsim.steps.initial_seed_balancing - seed_balancer status: {'converged': True, 'iter': 2, 'delta': 0.0, 'max_gamma_dif': 0.0}
27/02/2024 12:43:44 - INFO - populationsim.steps.initial_seed_balancing - Total balanced weights for seed 1103 = 20.999999789824763
27/02/2024 12:43:44 - INFO - populationsim.steps.initial_seed_balancing - initial_seed_balancing seed id 1303
27/02/2024 12:43:44 - INFO - populationsim.steps.initial_seed_balancing - seed_balancer status: {'converged': True, 'iter': 2, 'delta': 1.1368683772161603e-13, 'max_gamma_dif': 1.1102230246251565e-16}
27/02/2024 12:43:44 - INFO - populationsim.steps.initial_seed_balancing - Total balanced weights for seed 1303 = 797.0000175241145
27/02/2024 12:43:44 - INFO - populationsim.steps.initial_seed_balancing - initial_seed_balancing seed id 1301
27/02/2024 12:43:44 - INFO - populationsim.steps.initial_seed_balancing - seed_balancer status: {'converged': True, 'iter': 2, 'delta': 0.0, 'max_gamma_dif': 0.0}
27/02/2024 12:43:44 - INFO - populationsim.steps.initial_seed_balancing - Total balanced weights for seed 1301 = 2251.0000210812836
27/02/2024 12:43:44 - INFO - populationsim.steps.initial_seed_balancing - initial_seed_balancing seed id 1302
27/02/2024 12:43:44 - INFO - populationsim.steps.initial_seed_balancing - seed_balancer status: {'converged': True, 'iter': 2, 'delta': 5.684341886080802e-14, 'max_gamma_dif': 2.220446049250313e-16}
27/02/2024 12:43:44 - INFO - populationsim.steps.initial_seed_balancing - Total balanced weights for seed 1302 = 329.000009936343
27/02/2024 12:43:44 - INFO - populationsim.steps.initial_seed_balancing - initial_seed_balancing seed id 1105
27/02/2024 12:43:44 - INFO - populationsim.steps.initial_seed_balancing - seed_balancer status: {'converged': True, 'iter': 2, 'delta': 1.4210854715202004e-14, 'max_gamma_dif': 2.220446049250313e-16}
27/02/2024 12:43:44 - INFO - populationsim.steps.initial_seed_balancing - Total balanced weights for seed 1105 = 83.00001026835459
27/02/2024 12:43:44 - INFO - populationsim.steps.initial_seed_balancing - initial_seed_balancing seed id 1104
27/02/2024 12:43:44 - INFO - populationsim.steps.initial_seed_balancing - seed_balancer status: {'converged': True, 'iter': 2, 'delta': 0.0, 'max_gamma_dif': 0.0}
27/02/2024 12:43:44 - INFO - populationsim.steps.initial_seed_balancing - Total balanced weights for seed 1104 = 2164.9999644319646
27/02/2024 12:43:44 - INFO - populationsim.steps.initial_seed_balancing - initial_seed_balancing seed id 1305
27/02/2024 12:43:44 - INFO - populationsim.steps.initial_seed_balancing - seed_balancer status: {'converged': True, 'iter': 2, 'delta': 0.0, 'max_gamma_dif': 0.0}
27/02/2024 12:43:44 - INFO - populationsim.steps.initial_seed_balancing - Total balanced weights for seed 1305 = 120.00001417458924
27/02/2024 12:43:44 - INFO - populationsim.steps.initial_seed_balancing - initial_seed_balancing seed id 1324
27/02/2024 12:43:44 - INFO - populationsim.steps.initial_seed_balancing - seed_balancer status: {'converged': True, 'iter': 2, 'delta': 7.105427357601002e-15, 'max_gamma_dif': 2.220446049250313e-16}
27/02/2024 12:43:44 - INFO - populationsim.steps.initial_seed_balancing - Total balanced weights for seed 1324 = 28.000004897759528
27/02/2024 12:43:44 - INFO - populationsim.steps.initial_seed_balancing - initial_seed_balancing seed id 100
27/02/2024 12:43:44 - INFO - populationsim.steps.initial_seed_balancing - seed_balancer status: {'converged': True, 'iter': 2, 'delta': 1.4210854715202004e-14, 'max_gamma_dif': 1.1102230246251565e-16}
27/02/2024 12:43:44 - INFO - populationsim.steps.initial_seed_balancing - Total balanced weights for seed 100 = 116.00001320142607
27/02/2024 12:43:44 - INFO - populationsim.steps.initial_seed_balancing - initial_seed_balancing seed id 1321
27/02/2024 12:43:44 - INFO - populationsim.steps.initial_seed_balancing - seed_balancer status: {'converged': True, 'iter': 2, 'delta': 0.0, 'max_gamma_dif': 0.0}
27/02/2024 12:43:44 - INFO - populationsim.steps.initial_seed_balancing - Total balanced weights for seed 1321 = 1015.9999858601705
27/02/2024 12:43:44 - DEBUG - activitysim.core.tracing - Time to execute #run_model completed step 'initial_seed_balancing' : 0.115 seconds (0.0 minutes)
27/02/2024 12:43:44 - DEBUG - activitysim.core.pipeline - add_checkpoint initial_seed_balancing timestamp 2024-02-27 12:43:44.747282
27/02/2024 12:43:44 - DEBUG - activitysim.core.pipeline - add_checkpoint 'initial_seed_balancing' table 'PUMA_weights' (20, 4) 768 B
27/02/2024 12:43:44 - INFO - activitysim.core.pipeline - #run_model running step meta_control_factoring
27/02/2024 12:43:44 - WARNING - populationsim.steps.meta_control_factoring - meta_control_factoring: no meta targets so nothing to do
27/02/2024 12:43:44 - DEBUG - activitysim.core.tracing - Time to execute #run_model completed step 'meta_control_factoring' : 0.0 seconds (0.0 minutes)
27/02/2024 12:43:44 - DEBUG - activitysim.core.pipeline - add_checkpoint meta_control_factoring timestamp 2024-02-27 12:43:44.831436
27/02/2024 12:43:44 - INFO - activitysim.core.pipeline - #run_model running step final_seed_balancing
27/02/2024 12:43:44 - WARNING - populationsim.steps.final_seed_balancing - no need for final_seed_balancing because no meta controls
27/02/2024 12:43:44 - DEBUG - activitysim.core.tracing - Time to execute #run_model completed step 'final_seed_balancing' : 0.0 seconds (0.0 minutes)
27/02/2024 12:43:44 - DEBUG - activitysim.core.pipeline - add_checkpoint final_seed_balancing timestamp 2024-02-27 12:43:44.931574
27/02/2024 12:43:44 - DEBUG - activitysim.core.pipeline - rewrap table PUMA_weights inplace=True
27/02/2024 12:43:44 - DEBUG - activitysim.core.pipeline - add_checkpoint 'final_seed_balancing' table 'PUMA_weights' (20, 5) 928 B
27/02/2024 12:43:45 - INFO - activitysim.core.pipeline - #run_model running step integerize_final_seed_weights
27/02/2024 12:43:45 - INFO - populationsim.steps.integerize_final_seed_weights - integerize_final_seed_weights seed id 703
27/02/2024 12:43:45 - DEBUG - populationsim.integerizer - Integerizer: 0 out of 1 different from round
27/02/2024 12:43:45 - DEBUG - populationsim.integerizer - Integerizer status for unbackstopped PUMA_703: OPTIMAL
27/02/2024 12:43:45 - INFO - populationsim.steps.integerize_final_seed_weights - integerize_final_seed_weights seed id 800
27/02/2024 12:43:45 - DEBUG - populationsim.integerizer - Integerizer: 0 out of 1 different from round
27/02/2024 12:43:45 - DEBUG - populationsim.integerizer - Integerizer status for unbackstopped PUMA_800: OPTIMAL
27/02/2024 12:43:45 - INFO - populationsim.steps.integerize_final_seed_weights - integerize_final_seed_weights seed id 400
27/02/2024 12:43:45 - DEBUG - populationsim.integerizer - Integerizer: 0 out of 1 different from round
27/02/2024 12:43:45 - DEBUG - populationsim.integerizer - Integerizer status for unbackstopped PUMA_400: OPTIMAL
27/02/2024 12:43:45 - INFO - populationsim.steps.integerize_final_seed_weights - integerize_final_seed_weights seed id 500
27/02/2024 12:43:45 - DEBUG - populationsim.integerizer - Integerizer: 0 out of 1 different from round
27/02/2024 12:43:45 - DEBUG - populationsim.integerizer - Integerizer status for unbackstopped PUMA_500: OPTIMAL
27/02/2024 12:43:45 - INFO - populationsim.steps.integerize_final_seed_weights - integerize_final_seed_weights seed id 600
27/02/2024 12:43:45 - DEBUG - populationsim.integerizer - Integerizer: 0 out of 1 different from round
27/02/2024 12:43:45 - DEBUG - populationsim.integerizer - Integerizer status for unbackstopped PUMA_600: OPTIMAL
27/02/2024 12:43:45 - INFO - populationsim.steps.integerize_final_seed_weights - integerize_final_seed_weights seed id 902
27/02/2024 12:43:45 - DEBUG - populationsim.integerizer - Integerizer: 0 out of 1 different from round
27/02/2024 12:43:45 - DEBUG - populationsim.integerizer - Integerizer status for unbackstopped PUMA_902: OPTIMAL
27/02/2024 12:43:45 - INFO - populationsim.steps.integerize_final_seed_weights - integerize_final_seed_weights seed id 200
27/02/2024 12:43:45 - DEBUG - populationsim.integerizer - Integerizer: 0 out of 1 different from round
27/02/2024 12:43:45 - DEBUG - populationsim.integerizer - Integerizer status for unbackstopped PUMA_200: OPTIMAL
27/02/2024 12:43:45 - INFO - populationsim.steps.integerize_final_seed_weights - integerize_final_seed_weights seed id 300
27/02/2024 12:43:45 - DEBUG - populationsim.integerizer - Integerizer: 0 out of 1 different from round
27/02/2024 12:43:45 - DEBUG - populationsim.integerizer - Integerizer status for unbackstopped PUMA_300: OPTIMAL
27/02/2024 12:43:45 - INFO - populationsim.steps.integerize_final_seed_weights - integerize_final_seed_weights seed id 1200
27/02/2024 12:43:45 - DEBUG - populationsim.integerizer - Integerizer: 0 out of 1 different from round
27/02/2024 12:43:45 - DEBUG - populationsim.integerizer - Integerizer status for unbackstopped PUMA_1200: OPTIMAL
27/02/2024 12:43:45 - INFO - populationsim.steps.integerize_final_seed_weights - integerize_final_seed_weights seed id 1314
27/02/2024 12:43:45 - DEBUG - populationsim.integerizer - Integerizer: 0 out of 1 different from round
27/02/2024 12:43:45 - DEBUG - populationsim.integerizer - Integerizer status for unbackstopped PUMA_1314: OPTIMAL
27/02/2024 12:43:45 - INFO - populationsim.steps.integerize_final_seed_weights - integerize_final_seed_weights seed id 1103
27/02/2024 12:43:45 - DEBUG - populationsim.integerizer - Integerizer: 0 out of 1 different from round
27/02/2024 12:43:45 - DEBUG - populationsim.integerizer - Integerizer status for unbackstopped PUMA_1103: OPTIMAL
27/02/2024 12:43:45 - INFO - populationsim.steps.integerize_final_seed_weights - integerize_final_seed_weights seed id 1303
27/02/2024 12:43:45 - DEBUG - populationsim.integerizer - Integerizer: 0 out of 1 different from round
27/02/2024 12:43:45 - DEBUG - populationsim.integerizer - Integerizer status for unbackstopped PUMA_1303: OPTIMAL
27/02/2024 12:43:45 - INFO - populationsim.steps.integerize_final_seed_weights - integerize_final_seed_weights seed id 1301
27/02/2024 12:43:45 - DEBUG - populationsim.integerizer - Integerizer: 0 out of 1 different from round
27/02/2024 12:43:45 - DEBUG - populationsim.integerizer - Integerizer status for unbackstopped PUMA_1301: OPTIMAL
27/02/2024 12:43:45 - INFO - populationsim.steps.integerize_final_seed_weights - integerize_final_seed_weights seed id 1302
27/02/2024 12:43:45 - DEBUG - populationsim.integerizer - Integerizer: 0 out of 1 different from round
27/02/2024 12:43:45 - DEBUG - populationsim.integerizer - Integerizer status for unbackstopped PUMA_1302: OPTIMAL
27/02/2024 12:43:45 - INFO - populationsim.steps.integerize_final_seed_weights - integerize_final_seed_weights seed id 1105
27/02/2024 12:43:45 - DEBUG - populationsim.integerizer - Integerizer: 0 out of 1 different from round
27/02/2024 12:43:45 - DEBUG - populationsim.integerizer - Integerizer status for unbackstopped PUMA_1105: OPTIMAL
27/02/2024 12:43:45 - INFO - populationsim.steps.integerize_final_seed_weights - integerize_final_seed_weights seed id 1104
27/02/2024 12:43:45 - DEBUG - populationsim.integerizer - Integerizer: 0 out of 1 different from round
27/02/2024 12:43:45 - DEBUG - populationsim.integerizer - Integerizer status for unbackstopped PUMA_1104: OPTIMAL
27/02/2024 12:43:45 - INFO - populationsim.steps.integerize_final_seed_weights - integerize_final_seed_weights seed id 1305
27/02/2024 12:43:45 - DEBUG - populationsim.integerizer - Integerizer: 0 out of 1 different from round
27/02/2024 12:43:45 - DEBUG - populationsim.integerizer - Integerizer status for unbackstopped PUMA_1305: OPTIMAL
27/02/2024 12:43:45 - INFO - populationsim.steps.integerize_final_seed_weights - integerize_final_seed_weights seed id 1324
27/02/2024 12:43:45 - DEBUG - populationsim.integerizer - Integerizer: 0 out of 1 different from round
27/02/2024 12:43:45 - DEBUG - populationsim.integerizer - Integerizer status for unbackstopped PUMA_1324: OPTIMAL
27/02/2024 12:43:45 - INFO - populationsim.steps.integerize_final_seed_weights - integerize_final_seed_weights seed id 100
27/02/2024 12:43:45 - DEBUG - populationsim.integerizer - Integerizer: 0 out of 1 different from round
27/02/2024 12:43:45 - DEBUG - populationsim.integerizer - Integerizer status for unbackstopped PUMA_100: OPTIMAL
27/02/2024 12:43:45 - INFO - populationsim.steps.integerize_final_seed_weights - integerize_final_seed_weights seed id 1321
27/02/2024 12:43:45 - DEBUG - populationsim.integerizer - Integerizer: 0 out of 1 different from round
27/02/2024 12:43:45 - DEBUG - populationsim.integerizer - Integerizer status for unbackstopped PUMA_1321: OPTIMAL
27/02/2024 12:43:45 - DEBUG - activitysim.core.tracing - Time to execute #run_model completed step 'integerize_final_seed_weights' : 0.196 seconds (0.0 minutes)
27/02/2024 12:43:45 - DEBUG - activitysim.core.pipeline - add_checkpoint integerize_final_seed_weights timestamp 2024-02-27 12:43:45.228437
27/02/2024 12:43:45 - DEBUG - activitysim.core.pipeline - rewrap table PUMA_weights inplace=True
27/02/2024 12:43:45 - DEBUG - activitysim.core.pipeline - add_checkpoint 'integerize_final_seed_weights' table 'PUMA_weights' (20, 6) 1.1 KB
27/02/2024 12:43:45 - INFO - activitysim.core.pipeline - #run_model running step sub_balancing
27/02/2024 12:43:45 - INFO - populationsim.steps.sub_balancing - balancing 1/1 seed 703, PUMA 703
27/02/2024 12:43:45 - DEBUG - populationsim.simul_balancer - 1 positive weight rows out of 1
27/02/2024 12:43:45 - DEBUG - populationsim.simul_balancer - np_simul_balancer sample_count 1 control_count 1 zone_count 22
27/02/2024 12:43:45 - DEBUG - populationsim.simul_balancer - np_simul_balancer iteration 0 delta 0.0 max_gamma_dif 0.0
27/02/2024 12:43:45 - DEBUG - populationsim.steps.sub_balancing - PUMA 703 converged True iter 0
27/02/2024 12:43:45 - DEBUG - populationsim.multi_integerizer - SimulIntegerizer status OPTIMAL
27/02/2024 12:43:45 - INFO - populationsim.multi_integerizer - do_simul_integerizing succeeded for PUMA_703 status OPTIMAL. 
27/02/2024 12:43:45 - INFO - populationsim.steps.sub_balancing - balancing 1/1 seed 800, PUMA 800
27/02/2024 12:43:45 - DEBUG - populationsim.simul_balancer - 1 positive weight rows out of 1
27/02/2024 12:43:45 - DEBUG - populationsim.simul_balancer - np_simul_balancer sample_count 1 control_count 1 zone_count 6
27/02/2024 12:43:45 - DEBUG - populationsim.simul_balancer - np_simul_balancer iteration 0 delta 0.0 max_gamma_dif 0.0
27/02/2024 12:43:45 - DEBUG - populationsim.steps.sub_balancing - PUMA 800 converged True iter 0
27/02/2024 12:43:45 - DEBUG - populationsim.multi_integerizer - SimulIntegerizer status OPTIMAL
27/02/2024 12:43:45 - INFO - populationsim.multi_integerizer - do_simul_integerizing succeeded for PUMA_800 status OPTIMAL. 
27/02/2024 12:43:45 - INFO - populationsim.steps.sub_balancing - balancing 1/1 seed 400, PUMA 400
27/02/2024 12:43:45 - DEBUG - populationsim.simul_balancer - 1 positive weight rows out of 1
27/02/2024 12:43:45 - DEBUG - populationsim.simul_balancer - np_simul_balancer sample_count 1 control_count 1 zone_count 2
27/02/2024 12:43:45 - DEBUG - populationsim.simul_balancer - np_simul_balancer iteration 0 delta 0.0 max_gamma_dif 0.0
27/02/2024 12:43:45 - DEBUG - populationsim.steps.sub_balancing - PUMA 400 converged True iter 0
27/02/2024 12:43:45 - DEBUG - populationsim.multi_integerizer - SimulIntegerizer status OPTIMAL
27/02/2024 12:43:45 - INFO - populationsim.multi_integerizer - do_simul_integerizing succeeded for PUMA_400 status OPTIMAL. 
27/02/2024 12:43:45 - INFO - populationsim.steps.sub_balancing - balancing 1/1 seed 500, PUMA 500
27/02/2024 12:43:45 - DEBUG - populationsim.simul_balancer - 1 positive weight rows out of 1
27/02/2024 12:43:45 - DEBUG - populationsim.simul_balancer - np_simul_balancer sample_count 1 control_count 1 zone_count 2
27/02/2024 12:43:45 - DEBUG - populationsim.simul_balancer - np_simul_balancer iteration 0 delta 0.0 max_gamma_dif 0.0
27/02/2024 12:43:45 - DEBUG - populationsim.steps.sub_balancing - PUMA 500 converged True iter 0
27/02/2024 12:43:45 - DEBUG - populationsim.multi_integerizer - SimulIntegerizer status OPTIMAL
27/02/2024 12:43:45 - INFO - populationsim.multi_integerizer - do_simul_integerizing succeeded for PUMA_500 status OPTIMAL. 
27/02/2024 12:43:45 - INFO - populationsim.steps.sub_balancing - balancing 1/1 seed 600, PUMA 600
27/02/2024 12:43:45 - DEBUG - populationsim.simul_balancer - 1 positive weight rows out of 1
27/02/2024 12:43:45 - DEBUG - populationsim.simul_balancer - np_simul_balancer sample_count 1 control_count 1 zone_count 36
27/02/2024 12:43:45 - DEBUG - populationsim.simul_balancer - np_simul_balancer iteration 0 delta 3.730349362740526e-14 max_gamma_dif 2.220446049250313e-16
27/02/2024 12:43:45 - DEBUG - populationsim.steps.sub_balancing - PUMA 600 converged True iter 0
27/02/2024 12:43:45 - DEBUG - populationsim.multi_integerizer - SimulIntegerizer status OPTIMAL
27/02/2024 12:43:45 - INFO - populationsim.multi_integerizer - do_simul_integerizing succeeded for PUMA_600 status OPTIMAL. 
27/02/2024 12:43:45 - INFO - populationsim.steps.sub_balancing - balancing 1/1 seed 902, PUMA 902
27/02/2024 12:43:45 - DEBUG - populationsim.simul_balancer - 1 positive weight rows out of 1
27/02/2024 12:43:45 - DEBUG - populationsim.simul_balancer - np_simul_balancer sample_count 1 control_count 1 zone_count 5
27/02/2024 12:43:45 - DEBUG - populationsim.simul_balancer - np_simul_balancer iteration 0 delta 1.4210854715202004e-14 max_gamma_dif 1.1102230246251565e-16
27/02/2024 12:43:45 - DEBUG - populationsim.steps.sub_balancing - PUMA 902 converged True iter 0
27/02/2024 12:43:45 - DEBUG - populationsim.multi_integerizer - SimulIntegerizer status OPTIMAL
27/02/2024 12:43:45 - INFO - populationsim.multi_integerizer - do_simul_integerizing succeeded for PUMA_902 status OPTIMAL. 
27/02/2024 12:43:45 - INFO - populationsim.steps.sub_balancing - balancing 1/1 seed 200, PUMA 200
27/02/2024 12:43:45 - DEBUG - populationsim.simul_balancer - 1 positive weight rows out of 1
27/02/2024 12:43:45 - DEBUG - populationsim.simul_balancer - np_simul_balancer sample_count 1 control_count 1 zone_count 3
27/02/2024 12:43:45 - DEBUG - populationsim.simul_balancer - np_simul_balancer iteration 0 delta 0.0 max_gamma_dif 0.0
27/02/2024 12:43:45 - DEBUG - populationsim.steps.sub_balancing - PUMA 200 converged True iter 0
27/02/2024 12:43:45 - DEBUG - populationsim.multi_integerizer - SimulIntegerizer status OPTIMAL
27/02/2024 12:43:45 - INFO - populationsim.multi_integerizer - do_simul_integerizing succeeded for PUMA_200 status OPTIMAL. 
27/02/2024 12:43:45 - INFO - populationsim.steps.sub_balancing - balancing 1/1 seed 300, PUMA 300
27/02/2024 12:43:45 - DEBUG - populationsim.simul_balancer - 1 positive weight rows out of 1
27/02/2024 12:43:45 - DEBUG - populationsim.simul_balancer - np_simul_balancer sample_count 1 control_count 1 zone_count 4
27/02/2024 12:43:45 - DEBUG - populationsim.simul_balancer - np_simul_balancer iteration 0 delta 0.0 max_gamma_dif 0.0
27/02/2024 12:43:45 - DEBUG - populationsim.steps.sub_balancing - PUMA 300 converged True iter 0
27/02/2024 12:43:45 - DEBUG - populationsim.multi_integerizer - SimulIntegerizer status OPTIMAL
27/02/2024 12:43:45 - INFO - populationsim.multi_integerizer - do_simul_integerizing succeeded for PUMA_300 status OPTIMAL. 
27/02/2024 12:43:45 - INFO - populationsim.steps.sub_balancing - balancing 1/1 seed 1200, PUMA 1200
27/02/2024 12:43:45 - DEBUG - populationsim.simul_balancer - 1 positive weight rows out of 1
27/02/2024 12:43:45 - DEBUG - populationsim.simul_balancer - np_simul_balancer sample_count 1 control_count 1 zone_count 25
27/02/2024 12:43:45 - DEBUG - populationsim.simul_balancer - np_simul_balancer iteration 0 delta 3.197442310920451e-14 max_gamma_dif 2.220446049250313e-16
27/02/2024 12:43:45 - DEBUG - populationsim.steps.sub_balancing - PUMA 1200 converged True iter 0
27/02/2024 12:43:45 - DEBUG - populationsim.multi_integerizer - SimulIntegerizer status OPTIMAL
27/02/2024 12:43:45 - INFO - populationsim.multi_integerizer - do_simul_integerizing succeeded for PUMA_1200 status OPTIMAL. 
27/02/2024 12:43:45 - INFO - populationsim.steps.sub_balancing - balancing 1/1 seed 1314, PUMA 1314
27/02/2024 12:43:45 - DEBUG - populationsim.simul_balancer - 1 positive weight rows out of 1
27/02/2024 12:43:45 - DEBUG - populationsim.simul_balancer - np_simul_balancer sample_count 1 control_count 1 zone_count 9
27/02/2024 12:43:45 - DEBUG - populationsim.simul_balancer - np_simul_balancer iteration 0 delta 0.0 max_gamma_dif 0.0
27/02/2024 12:43:45 - DEBUG - populationsim.steps.sub_balancing - PUMA 1314 converged True iter 0
27/02/2024 12:43:45 - DEBUG - populationsim.multi_integerizer - SimulIntegerizer status OPTIMAL
27/02/2024 12:43:45 - INFO - populationsim.multi_integerizer - do_simul_integerizing succeeded for PUMA_1314 status OPTIMAL. 
27/02/2024 12:43:45 - INFO - populationsim.steps.sub_balancing - balancing 1/1 seed 1103, PUMA 1103
27/02/2024 12:43:45 - DEBUG - populationsim.simul_balancer - 1 positive weight rows out of 1
27/02/2024 12:43:45 - DEBUG - populationsim.simul_balancer - np_simul_balancer sample_count 1 control_count 1 zone_count 1
27/02/2024 12:43:45 - DEBUG - populationsim.simul_balancer - np_simul_balancer iteration 0 delta 0.0 max_gamma_dif 0.0
27/02/2024 12:43:45 - DEBUG - populationsim.steps.sub_balancing - PUMA 1103 converged True iter 0
27/02/2024 12:43:45 - DEBUG - populationsim.multi_integerizer - SimulIntegerizer status OPTIMAL
27/02/2024 12:43:45 - INFO - populationsim.multi_integerizer - do_simul_integerizing succeeded for PUMA_1103 status OPTIMAL. 
27/02/2024 12:43:45 - INFO - populationsim.steps.sub_balancing - balancing 1/1 seed 1303, PUMA 1303
27/02/2024 12:43:45 - DEBUG - populationsim.simul_balancer - 1 positive weight rows out of 1
27/02/2024 12:43:45 - DEBUG - populationsim.simul_balancer - np_simul_balancer sample_count 1 control_count 1 zone_count 4
27/02/2024 12:43:45 - DEBUG - populationsim.simul_balancer - np_simul_balancer iteration 0 delta 1.4210854715202004e-14 max_gamma_dif 1.1102230246251565e-16
27/02/2024 12:43:45 - DEBUG - populationsim.steps.sub_balancing - PUMA 1303 converged True iter 0
27/02/2024 12:43:45 - DEBUG - populationsim.multi_integerizer - SimulIntegerizer status OPTIMAL
27/02/2024 12:43:45 - INFO - populationsim.multi_integerizer - do_simul_integerizing succeeded for PUMA_1303 status OPTIMAL. 
27/02/2024 12:43:45 - INFO - populationsim.steps.sub_balancing - balancing 1/1 seed 1301, PUMA 1301
27/02/2024 12:43:45 - DEBUG - populationsim.simul_balancer - 1 positive weight rows out of 1
27/02/2024 12:43:45 - DEBUG - populationsim.simul_balancer - np_simul_balancer sample_count 1 control_count 1 zone_count 9
27/02/2024 12:43:45 - DEBUG - populationsim.simul_balancer - np_simul_balancer iteration 0 delta 0.0 max_gamma_dif 0.0
27/02/2024 12:43:45 - DEBUG - populationsim.steps.sub_balancing - PUMA 1301 converged True iter 0
27/02/2024 12:43:45 - DEBUG - populationsim.multi_integerizer - SimulIntegerizer status OPTIMAL
27/02/2024 12:43:45 - INFO - populationsim.multi_integerizer - do_simul_integerizing succeeded for PUMA_1301 status OPTIMAL. 
27/02/2024 12:43:45 - INFO - populationsim.steps.sub_balancing - balancing 1/1 seed 1302, PUMA 1302
27/02/2024 12:43:45 - DEBUG - populationsim.simul_balancer - 1 positive weight rows out of 1
27/02/2024 12:43:45 - DEBUG - populationsim.simul_balancer - np_simul_balancer sample_count 1 control_count 1 zone_count 5
27/02/2024 12:43:45 - DEBUG - populationsim.simul_balancer - np_simul_balancer iteration 0 delta 0.0 max_gamma_dif 0.0
27/02/2024 12:43:45 - DEBUG - populationsim.steps.sub_balancing - PUMA 1302 converged True iter 0
27/02/2024 12:43:45 - DEBUG - populationsim.multi_integerizer - SimulIntegerizer status OPTIMAL
27/02/2024 12:43:45 - INFO - populationsim.multi_integerizer - do_simul_integerizing succeeded for PUMA_1302 status OPTIMAL. 
27/02/2024 12:43:45 - INFO - populationsim.steps.sub_balancing - balancing 1/1 seed 1105, PUMA 1105
27/02/2024 12:43:45 - DEBUG - populationsim.simul_balancer - 1 positive weight rows out of 1
27/02/2024 12:43:45 - DEBUG - populationsim.simul_balancer - np_simul_balancer sample_count 1 control_count 1 zone_count 4
27/02/2024 12:43:45 - DEBUG - populationsim.simul_balancer - np_simul_balancer iteration 0 delta 0.0 max_gamma_dif 0.0
27/02/2024 12:43:45 - DEBUG - populationsim.steps.sub_balancing - PUMA 1105 converged True iter 0
27/02/2024 12:43:45 - DEBUG - populationsim.multi_integerizer - SimulIntegerizer status OPTIMAL
27/02/2024 12:43:45 - INFO - populationsim.multi_integerizer - do_simul_integerizing succeeded for PUMA_1105 status OPTIMAL. 
27/02/2024 12:43:45 - INFO - populationsim.steps.sub_balancing - balancing 1/1 seed 1104, PUMA 1104
27/02/2024 12:43:45 - DEBUG - populationsim.simul_balancer - 1 positive weight rows out of 1
27/02/2024 12:43:45 - DEBUG - populationsim.simul_balancer - np_simul_balancer sample_count 1 control_count 1 zone_count 7
27/02/2024 12:43:45 - DEBUG - populationsim.simul_balancer - np_simul_balancer iteration 0 delta 0.0 max_gamma_dif 0.0
27/02/2024 12:43:45 - DEBUG - populationsim.steps.sub_balancing - PUMA 1104 converged True iter 0
27/02/2024 12:43:45 - DEBUG - populationsim.multi_integerizer - SimulIntegerizer status OPTIMAL
27/02/2024 12:43:45 - INFO - populationsim.multi_integerizer - do_simul_integerizing succeeded for PUMA_1104 status OPTIMAL. 
27/02/2024 12:43:45 - INFO - populationsim.steps.sub_balancing - balancing 1/1 seed 1305, PUMA 1305
27/02/2024 12:43:45 - DEBUG - populationsim.simul_balancer - 1 positive weight rows out of 1
27/02/2024 12:43:45 - DEBUG - populationsim.simul_balancer - np_simul_balancer sample_count 1 control_count 1 zone_count 4
27/02/2024 12:43:45 - DEBUG - populationsim.simul_balancer - np_simul_balancer iteration 0 delta 0.0 max_gamma_dif 0.0
27/02/2024 12:43:45 - DEBUG - populationsim.steps.sub_balancing - PUMA 1305 converged True iter 0
27/02/2024 12:43:45 - DEBUG - populationsim.multi_integerizer - SimulIntegerizer status OPTIMAL
27/02/2024 12:43:45 - INFO - populationsim.multi_integerizer - do_simul_integerizing succeeded for PUMA_1305 status OPTIMAL. 
27/02/2024 12:43:45 - INFO - populationsim.steps.sub_balancing - balancing 1/1 seed 1324, PUMA 1324
27/02/2024 12:43:45 - DEBUG - populationsim.simul_balancer - 1 positive weight rows out of 1
27/02/2024 12:43:45 - DEBUG - populationsim.simul_balancer - np_simul_balancer sample_count 1 control_count 1 zone_count 1
27/02/2024 12:43:45 - DEBUG - populationsim.simul_balancer - np_simul_balancer iteration 0 delta 0.0 max_gamma_dif 0.0
27/02/2024 12:43:45 - DEBUG - populationsim.steps.sub_balancing - PUMA 1324 converged True iter 0
27/02/2024 12:43:45 - DEBUG - populationsim.multi_integerizer - SimulIntegerizer status OPTIMAL
27/02/2024 12:43:45 - INFO - populationsim.multi_integerizer - do_simul_integerizing succeeded for PUMA_1324 status OPTIMAL. 
27/02/2024 12:43:45 - INFO - populationsim.steps.sub_balancing - balancing 1/1 seed 100, PUMA 100
27/02/2024 12:43:45 - DEBUG - populationsim.simul_balancer - 1 positive weight rows out of 1
27/02/2024 12:43:45 - DEBUG - populationsim.simul_balancer - np_simul_balancer sample_count 1 control_count 1 zone_count 1
27/02/2024 12:43:45 - DEBUG - populationsim.simul_balancer - np_simul_balancer iteration 0 delta 0.0 max_gamma_dif 0.0
27/02/2024 12:43:45 - DEBUG - populationsim.steps.sub_balancing - PUMA 100 converged True iter 0
27/02/2024 12:43:45 - DEBUG - populationsim.multi_integerizer - SimulIntegerizer status OPTIMAL
27/02/2024 12:43:45 - INFO - populationsim.multi_integerizer - do_simul_integerizing succeeded for PUMA_100 status OPTIMAL. 
27/02/2024 12:43:45 - INFO - populationsim.steps.sub_balancing - balancing 1/1 seed 1321, PUMA 1321
27/02/2024 12:43:45 - DEBUG - populationsim.simul_balancer - 1 positive weight rows out of 1
27/02/2024 12:43:45 - DEBUG - populationsim.simul_balancer - np_simul_balancer sample_count 1 control_count 1 zone_count 2
27/02/2024 12:43:45 - DEBUG - populationsim.simul_balancer - np_simul_balancer iteration 0 delta 0.0 max_gamma_dif 0.0
27/02/2024 12:43:45 - DEBUG - populationsim.steps.sub_balancing - PUMA 1321 converged True iter 0
27/02/2024 12:43:45 - DEBUG - populationsim.multi_integerizer - SimulIntegerizer status OPTIMAL
27/02/2024 12:43:45 - INFO - populationsim.multi_integerizer - do_simul_integerizing succeeded for PUMA_1321 status OPTIMAL. 
27/02/2024 12:43:45 - INFO - populationsim.steps.sub_balancing - adding table BLOCK_weights
27/02/2024 12:43:45 - DEBUG - activitysim.core.tracing - Time to execute #run_model completed step 'sub_balancing.geography=BLOCK' : 0.625 seconds (0.0 minutes)
27/02/2024 12:43:45 - DEBUG - activitysim.core.pipeline - add_checkpoint sub_balancing.geography=BLOCK timestamp 2024-02-27 12:43:45.956946
27/02/2024 12:43:45 - DEBUG - activitysim.core.pipeline - add_checkpoint 'sub_balancing.geography=BLOCK' table 'BLOCK_weights' (152, 6) 7.9 KB
27/02/2024 12:43:45 - DEBUG - activitysim.core.pipeline - add_checkpoint 'sub_balancing.geography=BLOCK' table 'BLOCK_weights_sparse' (152, 6) 7.9 KB
27/02/2024 12:43:46 - INFO - activitysim.core.pipeline - #run_model running step expand_households
27/02/2024 12:43:47 - DEBUG - activitysim.core.tracing - Time to execute #run_model completed step 'expand_households' : 1.274 seconds (0.0 minutes)
27/02/2024 12:43:47 - DEBUG - activitysim.core.pipeline - add_checkpoint expand_households timestamp 2024-02-27 12:43:47.324651
27/02/2024 12:43:47 - DEBUG - activitysim.core.pipeline - add_checkpoint 'expand_households' table 'expanded_household_ids' (25364, 3) 710.2 KB
27/02/2024 12:43:47 - INFO - activitysim.core.pipeline - #run_model running step summarize
27/02/2024 12:43:47 - INFO - populationsim.steps.summarize - saving summary table summary_REGION_16
27/02/2024 12:43:47 - INFO - populationsim.steps.summarize - saving summary table summary_REGION_4
27/02/2024 12:43:47 - INFO - populationsim.steps.summarize - saving summary table summary_REGION_18
27/02/2024 12:43:47 - INFO - populationsim.steps.summarize - saving summary table summary_REGION_5
27/02/2024 12:43:47 - INFO - populationsim.steps.summarize - saving summary table summary_REGION_11
27/02/2024 12:43:47 - INFO - populationsim.steps.summarize - saving summary table summary_REGION_28
27/02/2024 12:43:47 - INFO - populationsim.steps.summarize - saving summary table summary_REGION_3
27/02/2024 12:43:47 - INFO - populationsim.steps.summarize - saving summary table summary_REGION_19
27/02/2024 12:43:47 - INFO - populationsim.steps.summarize - saving summary table summary_REGION_23
27/02/2024 12:43:47 - INFO - populationsim.steps.summarize - saving summary table summary_REGION_2
27/02/2024 12:43:47 - INFO - populationsim.steps.summarize - saving summary table summary_REGION_24
27/02/2024 12:43:47 - INFO - populationsim.steps.summarize - saving summary table summary_REGION_30
27/02/2024 12:43:47 - INFO - populationsim.steps.summarize - saving summary table summary_REGION_13
27/02/2024 12:43:47 - INFO - populationsim.steps.summarize - saving summary table summary_REGION_14
27/02/2024 12:43:47 - INFO - populationsim.steps.summarize - saving summary table summary_REGION_21
27/02/2024 12:43:47 - INFO - populationsim.steps.summarize - saving summary table summary_REGION_9
27/02/2024 12:43:47 - INFO - populationsim.steps.summarize - saving summary table summary_REGION_29
27/02/2024 12:43:47 - INFO - populationsim.steps.summarize - saving summary table summary_REGION_15
27/02/2024 12:43:47 - INFO - populationsim.steps.summarize - saving summary table summary_REGION_17
27/02/2024 12:43:47 - INFO - populationsim.steps.summarize - saving summary table summary_REGION_27
27/02/2024 12:43:47 - INFO - populationsim.steps.summarize - saving summary table summary_BLOCK_aggregate
27/02/2024 12:43:47 - INFO - populationsim.steps.summarize - saving summary table summary_BLOCK_PUMA
27/02/2024 12:43:47 - INFO - populationsim.steps.summarize - saving summary table summary_BLOCK
27/02/2024 12:43:47 - INFO - populationsim.steps.summarize - saving summary table summary_hh_weights
27/02/2024 12:43:47 - DEBUG - activitysim.core.tracing - Time to execute #run_model completed step 'summarize' : 0.291 seconds (0.0 minutes)
27/02/2024 12:43:47 - DEBUG - activitysim.core.pipeline - add_checkpoint summarize timestamp 2024-02-27 12:43:47.707540
27/02/2024 12:43:47 - DEBUG - activitysim.core.pipeline - add_checkpoint 'summarize' table 'summary_REGION_16' (1, 6) 56 B
27/02/2024 12:43:47 - DEBUG - activitysim.core.pipeline - add_checkpoint 'summarize' table 'summary_REGION_4' (1, 6) 56 B
27/02/2024 12:43:47 - DEBUG - activitysim.core.pipeline - add_checkpoint 'summarize' table 'summary_REGION_18' (1, 6) 56 B
27/02/2024 12:43:47 - DEBUG - activitysim.core.pipeline - add_checkpoint 'summarize' table 'summary_REGION_5' (1, 6) 56 B
27/02/2024 12:43:47 - DEBUG - activitysim.core.pipeline - add_checkpoint 'summarize' table 'summary_REGION_11' (1, 6) 56 B
27/02/2024 12:43:47 - DEBUG - activitysim.core.pipeline - add_checkpoint 'summarize' table 'summary_REGION_28' (1, 6) 56 B
27/02/2024 12:43:47 - DEBUG - activitysim.core.pipeline - add_checkpoint 'summarize' table 'summary_REGION_3' (1, 6) 56 B
27/02/2024 12:43:47 - DEBUG - activitysim.core.pipeline - add_checkpoint 'summarize' table 'summary_REGION_19' (1, 6) 56 B
27/02/2024 12:43:47 - DEBUG - activitysim.core.pipeline - add_checkpoint 'summarize' table 'summary_REGION_23' (1, 6) 56 B
27/02/2024 12:43:47 - DEBUG - activitysim.core.pipeline - add_checkpoint 'summarize' table 'summary_REGION_2' (1, 6) 56 B
27/02/2024 12:43:47 - DEBUG - activitysim.core.pipeline - add_checkpoint 'summarize' table 'summary_REGION_24' (1, 6) 56 B
27/02/2024 12:43:47 - DEBUG - activitysim.core.pipeline - add_checkpoint 'summarize' table 'summary_REGION_30' (1, 6) 56 B
27/02/2024 12:43:47 - DEBUG - activitysim.core.pipeline - add_checkpoint 'summarize' table 'summary_REGION_13' (1, 6) 56 B
27/02/2024 12:43:47 - DEBUG - activitysim.core.pipeline - add_checkpoint 'summarize' table 'summary_REGION_14' (1, 6) 56 B
27/02/2024 12:43:47 - DEBUG - activitysim.core.pipeline - add_checkpoint 'summarize' table 'summary_REGION_21' (1, 6) 56 B
27/02/2024 12:43:47 - DEBUG - activitysim.core.pipeline - add_checkpoint 'summarize' table 'summary_REGION_9' (1, 6) 56 B
27/02/2024 12:43:47 - DEBUG - activitysim.core.pipeline - add_checkpoint 'summarize' table 'summary_REGION_29' (1, 6) 56 B
27/02/2024 12:43:47 - DEBUG - activitysim.core.pipeline - add_checkpoint 'summarize' table 'summary_REGION_15' (1, 6) 56 B
27/02/2024 12:43:47 - DEBUG - activitysim.core.pipeline - add_checkpoint 'summarize' table 'summary_REGION_17' (1, 6) 56 B
27/02/2024 12:43:47 - DEBUG - activitysim.core.pipeline - add_checkpoint 'summarize' table 'summary_REGION_27' (1, 6) 56 B
27/02/2024 12:43:47 - DEBUG - activitysim.core.pipeline - add_checkpoint 'summarize' table 'summary_BLOCK_aggregate' (20, 7) 1.2 KB
27/02/2024 12:43:47 - DEBUG - activitysim.core.pipeline - add_checkpoint 'summarize' table 'summary_BLOCK_PUMA' (20, 5) 880 B
27/02/2024 12:43:47 - DEBUG - activitysim.core.pipeline - add_checkpoint 'summarize' table 'summary_BLOCK' (152, 5) 6.7 KB
27/02/2024 12:43:47 - DEBUG - activitysim.core.pipeline - add_checkpoint 'summarize' table 'summary_hh_weights' (20, 4) 688 B
27/02/2024 12:43:47 - INFO - activitysim.core.pipeline - #run_model running step write_tables
27/02/2024 12:43:47 - WARNING - activitysim.core.steps.output - Skipping 'summary_MAZ_PUMA': Table not found.
27/02/2024 12:43:47 - DEBUG - activitysim.core.tracing - Time to execute #run_model completed step 'write_tables' : 0.04 seconds (0.0 minutes)
27/02/2024 12:43:47 - DEBUG - activitysim.core.pipeline - add_checkpoint write_tables timestamp 2024-02-27 12:43:47.988187
27/02/2024 12:43:48 - INFO - activitysim.core.pipeline - #run_model running step write_synthetic_population
27/02/2024 12:43:48 - DEBUG - activitysim.core.tracing - Time to execute #run_model completed step 'write_synthetic_population' : 0.224 seconds (0.0 minutes)
27/02/2024 12:43:48 - DEBUG - activitysim.core.pipeline - add_checkpoint write_synthetic_population timestamp 2024-02-27 12:43:48.299337
27/02/2024 12:43:48 - INFO - activitysim.core.tracing - Time to execute run_model (11 models) : 4.328 seconds (0.1 minutes)
27/02/2024 12:43:48 - DEBUG - activitysim.core.pipeline - close_pipeline
27/02/2024 12:43:48 - INFO - activitysim.core.mem - MainProcess high water mark rss: 134_750_208 (134.8 MB) timestamp: 27/02/2024 12:43:48 label:pipeline.run_model write_synthetic_population finished
27/02/2024 12:43:48 - INFO - activitysim.core.mem - MainProcess high water mark uss: 98_983_936 (99.0 MB) timestamp: 27/02/2024 12:43:48 label:pipeline.run_model write_synthetic_population finished
27/02/2024 12:43:48 - INFO - activitysim.core.tracing - Time to execute all models : 4.393 seconds (0.1 minutes)
